17:40:37.953 [main] DEBUG api.test.UserTest - Debuging.........
17:40:37.983 [main] INFO  api.test.UserTest - Create User Test Started........................ 
17:40:43.219 [main] INFO  api.test.UserTest - User Created Successfully........................ 
17:40:43.230 [main] INFO  api.test.UserTest - Get User Started........................ 
17:40:44.501 [main] INFO  api.test.UserTest - Read User Successfully........................ 
17:40:44.508 [main] INFO  api.test.UserTest - Update User Started........................ 
17:40:50.138 [main] INFO  api.test.UserTest - Updated User Successfully........................ 
17:40:50.147 [main] INFO  api.test.UserTest - Delete User Started........................ 
17:40:52.187 [main] INFO  api.test.UserTest - Deleted User Successfully........................ 
00:12:14.183 [main] DEBUG api.test.UserTestPropFile - Debuging.........
00:12:14.210 [main] INFO  api.test.UserTestPropFile - Create User Test Started........................ 
00:12:14.241 [main] INFO  api.test.UserTestPropFile - Get User Started........................ 
00:12:14.249 [main] INFO  api.test.UserTestPropFile - Update User Started........................ 
00:12:14.257 [main] INFO  api.test.UserTestPropFile - Delete User Started........................ 
00:15:04.717 [main] DEBUG api.test.UserTestPropFile - Debuging.........
00:15:04.746 [main] INFO  api.test.UserTestPropFile - Create User Test Started........................ 
00:15:04.784 [main] INFO  api.test.UserTestPropFile - Get User Started........................ 
00:15:04.797 [main] INFO  api.test.UserTestPropFile - Update User Started........................ 
00:15:04.811 [main] INFO  api.test.UserTestPropFile - Delete User Started........................ 
00:17:13.957 [main] DEBUG api.test.UserTestPropFile - Debuging.........
00:17:13.983 [main] INFO  api.test.UserTestPropFile - Create User Test Started........................ 
00:17:13.997 [main] INFO  api.test.UserTestPropFile - Get User Started........................ 
00:17:14.009 [main] INFO  api.test.UserTestPropFile - Update User Started........................ 
00:17:14.019 [main] INFO  api.test.UserTestPropFile - Delete User Started........................ 
00:18:01.708 [main] DEBUG api.test.UserTestPropFile - Debuging.........
00:18:01.733 [main] INFO  api.test.UserTestPropFile - Create User Test Started........................ 
00:18:01.763 [main] INFO  api.test.UserTestPropFile - Get User Started........................ 
00:18:01.780 [main] INFO  api.test.UserTestPropFile - Update User Started........................ 
00:18:01.799 [main] INFO  api.test.UserTestPropFile - Delete User Started........................ 
00:18:16.699 [main] DEBUG api.test.UserTestPropFile - Debuging.........
00:18:16.725 [main] INFO  api.test.UserTestPropFile - Create User Test Started........................ 
00:18:16.742 [main] INFO  api.test.UserTestPropFile - Get User Started........................ 
00:18:16.748 [main] INFO  api.test.UserTestPropFile - Update User Started........................ 
00:18:16.760 [main] INFO  api.test.UserTestPropFile - Delete User Started........................ 
00:20:12.620 [main] DEBUG api.test.UserTestPropFile - Debuging.........
00:20:12.646 [main] INFO  api.test.UserTestPropFile - Create User Test Started........................ 
00:20:16.955 [main] INFO  api.test.UserTestPropFile - User Created Successfully........................ 
00:20:16.982 [main] INFO  api.test.UserTestPropFile - Get User Started........................ 
00:20:18.730 [main] INFO  api.test.UserTestPropFile - Read User Successfully........................ 
00:20:18.738 [main] INFO  api.test.UserTestPropFile - Update User Started........................ 
00:20:22.347 [main] INFO  api.test.UserTestPropFile - Updated User Successfully........................ 
00:20:22.353 [main] INFO  api.test.UserTestPropFile - Delete User Started........................ 
00:20:23.641 [main] INFO  api.test.UserTestPropFile - Deleted User Successfully........................ 
00:33:21.748 [main] DEBUG api.test.UserTestPropFile - Debuging.........
00:33:21.771 [main] INFO  api.test.UserTestPropFile - Create User Test Started........................ 
00:33:26.597 [main] INFO  api.test.UserTestPropFile - User Created Successfully........................ 
00:33:26.629 [main] INFO  api.test.UserTestPropFile - Get User Started........................ 
00:33:27.863 [main] INFO  api.test.UserTestPropFile - Read User Successfully........................ 
00:33:27.868 [main] INFO  api.test.UserTestPropFile - Update User Started........................ 
00:33:31.523 [main] INFO  api.test.UserTestPropFile - Updated User Successfully........................ 
00:33:31.532 [main] INFO  api.test.UserTestPropFile - Delete User Started........................ 
00:33:32.767 [main] INFO  api.test.UserTestPropFile - Deleted User Successfully........................ 
00:48:48.558 [main] DEBUG api.test.UserTestPropFile - Debuging.........
00:48:48.587 [main] INFO  api.test.UserTestPropFile - Create User Test Started........................ 
00:48:53.461 [main] INFO  api.test.UserTestPropFile - User Created Successfully........................ 
00:48:53.495 [main] INFO  api.test.UserTestPropFile - Get User Started........................ 
00:48:54.840 [main] INFO  api.test.UserTestPropFile - Read User Successfully........................ 
00:48:54.848 [main] INFO  api.test.UserTestPropFile - Update User Started........................ 
00:48:58.191 [main] INFO  api.test.UserTestPropFile - Updated User Successfully........................ 
00:48:58.193 [main] INFO  api.test.UserTestPropFile - Delete User Started........................ 
00:49:00.241 [main] INFO  api.test.UserTestPropFile - Deleted User Successfully........................ 
